0 info it worked if it ends with ok
1 verbose cli [ '/usr/local/Cellar/node/4.1.1/bin/node',
1 verbose cli   '/usr/local/bin/npm',
1 verbose cli   'run',
1 verbose cli   'test' ]
2 info using npm@2.14.4
3 info using node@v4.1.1
4 verbose run-script [ 'pretest', 'test', 'posttest' ]
5 info pretest self-repair-server@0.11.6
6 verbose unsafe-perm in lifecycle true
7 info test self-repair-server@0.11.6
8 verbose unsafe-perm in lifecycle true
9 info self-repair-server@0.11.6 Failed to exec test script
10 verbose stack Error: self-repair-server@0.11.6 test: `node_modules/karma/bin/karma start karma.conf.js && npm run thirdparty`
10 verbose stack Exit status 1
10 verbose stack     at EventEmitter.<anonymous> (/usr/local/lib/node_modules/npm/lib/utils/lifecycle.js:214:16)
10 verbose stack     at emitTwo (events.js:87:13)
10 verbose stack     at EventEmitter.emit (events.js:172:7)
10 verbose stack     at ChildProcess.<anonymous> (/usr/local/lib/node_modules/npm/lib/utils/spawn.js:24:14)
10 verbose stack     at emitTwo (events.js:87:13)
10 verbose stack     at ChildProcess.emit (events.js:172:7)
10 verbose stack     at maybeClose (internal/child_process.js:817:16)
10 verbose stack     at Process.ChildProcess._handle.onexit (internal/child_process.js:211:5)
11 verbose pkgid self-repair-server@0.11.6
12 verbose cwd /Users/robertrayborn/self-repair-server/src/recipes/ios-promo
13 error Darwin 14.3.0
14 error argv "/usr/local/Cellar/node/4.1.1/bin/node" "/usr/local/bin/npm" "run" "test"
15 error node v4.1.1
16 error npm  v2.14.4
17 error code ELIFECYCLE
18 error self-repair-server@0.11.6 test: `node_modules/karma/bin/karma start karma.conf.js && npm run thirdparty`
18 error Exit status 1
19 error Failed at the self-repair-server@0.11.6 test script 'node_modules/karma/bin/karma start karma.conf.js && npm run thirdparty'.
19 error This is most likely a problem with the self-repair-server package,
19 error not with npm itself.
19 error Tell the author that this fails on your system:
19 error     node_modules/karma/bin/karma start karma.conf.js && npm run thirdparty
19 error You can get their info via:
19 error     npm owner ls self-repair-server
19 error There is likely additional logging output above.
20 verbose exit [ 1, true ]
